Determining if the pthread_create exist failed with the following output:
Change Dir: /home/randochoi/Rando/octomap_rrt/build/CMakeFiles/CMakeTmp

Run Build Command:"/usr/bin/make" "cmTC_8ac4d/fast"
/usr/bin/make -f CMakeFiles/cmTC_8ac4d.dir/build.make CMakeFiles/cmTC_8ac4d.dir/build
make[1]: Entering directory '/home/randochoi/Rando/octomap_rrt/build/CMakeFiles/CMakeTmp'
Building C object CMakeFiles/cmTC_8ac4d.dir/CheckSymbolExists.c.o
/usr/bin/cc     -o CMakeFiles/cmTC_8ac4d.dir/CheckSymbolExists.c.o   -c /home/randochoi/Rando/octomap_rrt/build/CMakeFiles/CMakeTmp/CheckSymbolExists.c
Linking C executable cmTC_8ac4d
/usr/bin/cmake -E cmake_link_script CMakeFiles/cmTC_8ac4d.dir/link.txt --verbose=1
/usr/bin/cc       CMakeFiles/cmTC_8ac4d.dir/CheckSymbolExists.c.o  -o cmTC_8ac4d 
CMakeFiles/cmTC_8ac4d.dir/CheckSymbolExists.c.o：在函数‘main’中：
CheckSymbolExists.c:(.text+0x16)：对‘pthread_create’未定义的引用
collect2: error: ld returned 1 exit status
CMakeFiles/cmTC_8ac4d.dir/build.make:97: recipe for target 'cmTC_8ac4d' failed
make[1]: *** [cmTC_8ac4d] Error 1
make[1]: Leaving directory '/home/randochoi/Rando/octomap_rrt/build/CMakeFiles/CMakeTmp'
Makefile:126: recipe for target 'cmTC_8ac4d/fast' failed
make: *** [cmTC_8ac4d/fast] Error 2

File /home/randochoi/Rando/octomap_rrt/build/CMakeFiles/CMakeTmp/CheckSymbolExists.c:
/* */
#include <pthread.h>

int main(int argc, char** argv)
{
  (void)argv;
#ifndef pthread_create
  return ((int*)(&pthread_create))[argc];
#else
  (void)argc;
  return 0;
#endif
}

Determining if the function pthread_create exists in the pthreads failed with the following output:
Change Dir: /home/randochoi/Rando/octomap_rrt/build/CMakeFiles/CMakeTmp

Run Build Command:"/usr/bin/make" "cmTC_7c264/fast"
/usr/bin/make -f CMakeFiles/cmTC_7c264.dir/build.make CMakeFiles/cmTC_7c264.dir/build
make[1]: Entering directory '/home/randochoi/Rando/octomap_rrt/build/CMakeFiles/CMakeTmp'
Building C object CMakeFiles/cmTC_7c264.dir/CheckFunctionExists.c.o
/usr/bin/cc    -DCHECK_FUNCTION_EXISTS=pthread_create   -o CMakeFiles/cmTC_7c264.dir/CheckFunctionExists.c.o   -c /usr/share/cmake-3.5/Modules/CheckFunctionExists.c
Linking C executable cmTC_7c264
/usr/bin/cmake -E cmake_link_script CMakeFiles/cmTC_7c264.dir/link.txt --verbose=1
/usr/bin/cc   -DCHECK_FUNCTION_EXISTS=pthread_create    CMakeFiles/cmTC_7c264.dir/CheckFunctionExists.c.o  -o cmTC_7c264 -lpthreads 
/usr/bin/ld: 找不到 -lpthreads
collect2: error: ld returned 1 exit status
CMakeFiles/cmTC_7c264.dir/build.make:97: recipe for target 'cmTC_7c264' failed
make[1]: *** [cmTC_7c264] Error 1
make[1]: Leaving directory '/home/randochoi/Rando/octomap_rrt/build/CMakeFiles/CMakeTmp'
Makefile:126: recipe for target 'cmTC_7c264/fast' failed
make: *** [cmTC_7c264/fast] Error 2


